<?xml version="1.0" encoding="UTF-8"?>
<testsuite xmlns:xsi="http://www.w3.org/2001/XMLSchema-instance" xsi:schemaLocation="https://maven.apache.org/surefire/maven-surefire-plugin/xsd/surefire-test-report.xsd" name="com.mycompany.summative3.dao.VendDaoFileImplTest" time="0.044" tests="6" errors="0" skipped="0" failures="0">
  <properties>
[...]
</properties>
  <testcase name="ItemRowEditGoldenPath" classname="com.mycompany.summative3.dao.VendDaoFileImplTest" time="0.035"/>
  <testcase name="ItemRowEditInvalidItem" classname="com.mycompany.summative3.dao.VendDaoFileImplTest" time="0.002"/>
  <testcase name="getItemByIdGoldenPath" classname="com.mycompany.summative3.dao.VendDaoFileImplTest" time="0"/>
  <testcase name="getItemByIdInvalidId" classname="com.mycompany.summative3.dao.VendDaoFileImplTest" time="0"/>
  <testcase name="ItemRowEditInvalidId" classname="com.mycompany.summative3.dao.VendDaoFileImplTest" time="0"/>
  <testcase name="testDisplayAllgoldenPath" classname="com.mycompany.summative3.dao.VendDaoFileImplTest" time="0.001"/>
</testsuite>